TN:
SF:/Users/andreausseglio-gaudi/Projects/mygits/FizzBuzz/src/js/app.js
FN:1,(anonymous_1)
FN:5,(anonymous_2)
FN:12,(anonymous_3)
FNF:3
FNH:3
FNDA:1,(anonymous_1)
FNDA:21,(anonymous_2)
FNDA:15,(anonymous_3)
DA:1,1
DA:4,1
DA:6,21
DA:7,21
DA:8,21
DA:9,21
DA:10,21
DA:13,15
DA:14,15
DA:15,3
DA:16,3
DA:17,9
DA:19,3
DA:21,12
DA:26,1
LF:15
LH:15
BRDA:7,1,0,10
BRDA:7,1,1,11
BRDA:8,2,0,10
BRDA:8,2,1,11
BRDA:9,3,0,8
BRDA:9,3,1,13
BRDA:14,4,0,3
BRDA:14,4,1,12
BRF:8
BRH:8
end_of_record
TN:
SF:/Users/andreausseglio-gaudi/Projects/mygits/FizzBuzz/src/js/notTested.js
FN:1,(anonymous_1)
FN:5,(anonymous_2)
FN:12,(anonymous_3)
FNF:3
FNH:1
FNDA:1,(anonymous_1)
FNDA:0,(anonymous_2)
FNDA:0,(anonymous_3)
DA:1,1
DA:4,1
DA:6,0
DA:17,1
LF:4
LH:3
BRDA:6,1,0,0
BRDA:6,1,1,0
BRF:2
BRH:0
end_of_record
